0 info it worked if it ends with ok
1 verbose cli [ 'node', '/usr/local/bin/npm', 'run', 'dev' ]
2 info using npm@2.11.2
3 info using node@v0.12.5
4 verbose run-script [ 'predev', 'dev', 'postdev' ]
5 info predev reactBattleCards@1.0.0
6 info dev reactBattleCards@1.0.0
7 verbose unsafe-perm in lifecycle true
8 info reactBattleCards@1.0.0 Failed to exec dev script
9 verbose stack Error: reactBattleCards@1.0.0 dev: `./nodemodules/.bin/webpack-dev-server --inline --hot`
9 verbose stack spawn ENOENT
9 verbose stack     at ChildProcess.<anonymous> (/usr/local/lib/node_modules/npm/lib/utils/spawn.js:17:16)
9 verbose stack     at ChildProcess.emit (events.js:110:17)
9 verbose stack     at maybeClose (child_process.js:1015:16)
9 verbose stack     at Process.ChildProcess._handle.onexit (child_process.js:1087:5)
10 verbose pkgid reactBattleCards@1.0.0
11 verbose cwd /Users/episcopalmn/Desktop/reactBattleCards
12 error Darwin 15.3.0
13 error argv "node" "/usr/local/bin/npm" "run" "dev"
14 error node v0.12.5
15 error npm  v2.11.2
16 error file sh
17 error code ELIFECYCLE
18 error errno ENOENT
19 error syscall spawn
20 error reactBattleCards@1.0.0 dev: `./nodemodules/.bin/webpack-dev-server --inline --hot`
20 error spawn ENOENT
21 error Failed at the reactBattleCards@1.0.0 dev script './nodemodules/.bin/webpack-dev-server --inline --hot'.
21 error This is most likely a problem with the reactBattleCards package,
21 error not with npm itself.
21 error Tell the author that this fails on your system:
21 error     ./nodemodules/.bin/webpack-dev-server --inline --hot
21 error You can get their info via:
21 error     npm owner ls reactBattleCards
21 error There is likely additional logging output above.
22 verbose exit [ 1, true ]
